# JRE version: OpenJDK Runtime Environment Temurin-17.0.7+7 (17.0.7+7) (build 17.0.7+7)
# Java VM: OpenJDK 64-Bit Server VM Temurin-17.0.7+7 (17.0.7+7, mixed mode, sharing, tiered, compressed oops, compressed class ptrs, g1 gc, windows-amd64)
GC Precious Log:
 CPUs: 8 total, 8 available
 Memory: 32463M
 Large Page Support: Disabled
 NUMA Support: Disabled
 Compressed Oops: Enabled (Zero based)
 Heap Region Size: 2M
 Heap Min Capacity: 512M
 Heap Initial Capacity: 512M
 Heap Max Capacity: 4072M
 Pre-touch: Disabled
 Parallel Workers: 8
 Concurrent Workers: 2
 Concurrent Refinement Workers: 8
 Periodic GC: Disabled
 String Deduplication is enabled
Heap:
 garbage-first heap   total 524288K, used 175719K [0x0000000701800000, 0x0000000800000000)
  region size 2048K, 28 young (57344K), 1 survivors (2048K)
 Metaspace       used 105021K, committed 105856K, reserved 1179648K
  class space    used 15113K, committed 15616K, reserved 1048576K
GC Heap History (20 events):
Event: 4317.967 GC heap before
{Heap before GC invocations=254 (full 99):
 garbage-first heap   total 524288K, used 202177K [0x0000000701800000, 0x0000000800000000)
  region size 2048K, 40 young (81920K), 1 survivors (2048K)
 Metaspace       used 104828K, committed 105728K, reserved 1179648K
  class space    used 15099K, committed 15616K, reserved 1048576K
}
Event: 4317.970 GC heap after
{Heap after GC invocations=255 (full 99):
 garbage-first heap   total 524288K, used 122395K [0x0000000701800000, 0x0000000800000000)
  region size 2048K, 1 young (2048K), 1 survivors (2048K)
 Metaspace       used 104828K, committed 105728K, reserved 1179648K
  class space    used 15099K, committed 15616K, reserved 1048576K
}
Event: 4332.162 GC heap before
{Heap before GC invocations=255 (full 99):
 garbage-first heap   total 524288K, used 202267K [0x0000000701800000, 0x0000000800000000)
  region size 2048K, 41 young (83968K), 1 survivors (2048K)
 Metaspace       used 104869K, committed 105728K, reserved 1179648K
  class space    used 15099K, committed 15616K, reserved 1048576K
}
Event: 4332.164 GC heap after
{Heap after GC invocations=256 (full 99):
 garbage-first heap   total 524288K, used 122349K [0x0000000701800000, 0x0000000800000000)
  region size 2048K, 1 young (2048K), 1 survivors (2048K)
 Metaspace       used 104869K, committed 105728K, reserved 1179648K
  class space    used 15099K, committed 15616K, reserved 1048576K
}
Event: 4341.424 GC heap before
{Heap before GC invocations=256 (full 99):
 garbage-first heap   total 524288K, used 159213K [0x0000000701800000, 0x0000000800000000)
  region size 2048K, 20 young (40960K), 1 survivors (2048K)
 Metaspace       used 104874K, committed 105728K, reserved 1179648K
  class space    used 15099K, committed 15616K, reserved 1048576K
}
Event: 4341.495 GC heap after
{Heap after GC invocations=257 (full 100):
 garbage-first heap   total 524288K, used 121945K [0x0000000701800000, 0x0000000800000000)
  region size 2048K, 0 young (0K), 0 survivors (0K)
 Metaspace       used 104874K, committed 105728K, reserved 1179648K
  class space    used 15099K, committed 15616K, reserved 1048576K
}
Event: 4348.047 GC heap before
{Heap before GC invocations=257 (full 100):
 garbage-first heap   total 524288K, used 134233K [0x0000000701800000, 0x0000000800000000)
  region size 2048K, 7 young (14336K), 0 survivors (0K)
 Metaspace       used 104876K, committed 105728K, reserved 1179648K
  class space    used 15099K, committed 15616K, reserved 1048576K
}
Event: 4348.120 GC heap after
{Heap after GC invocations=258 (full 101):
 garbage-first heap   total 524288K, used 121959K [0x0000000701800000, 0x0000000800000000)
  region size 2048K, 0 young (0K), 0 survivors (0K)
 Metaspace       used 104876K, committed 105728K, reserved 1179648K
  class space    used 15099K, committed 15616K, reserved 1048576K
}
Event: 4365.952 GC heap before
{Heap before GC invocations=258 (full 101):
 garbage-first heap   total 524288K, used 152679K [0x0000000701800000, 0x0000000800000000)
  region size 2048K, 16 young (32768K), 0 survivors (0K)
 Metaspace       used 104889K, committed 105728K, reserved 1179648K
  class space    used 15099K, committed 15616K, reserved 1048576K
}
Event: 4366.023 GC heap after
{Heap after GC invocations=259 (full 102):
 garbage-first heap   total 524288K, used 121867K [0x0000000701800000, 0x0000000800000000)
  region size 2048K, 0 young (0K), 0 survivors (0K)
 Metaspace       used 104889K, committed 105728K, reserved 1179648K
  class space    used 15099K, committed 15616K, reserved 1048576K
}
Event: 4369.216 GC heap before
{Heap before GC invocations=259 (full 102):
 garbage-first heap   total 524288K, used 125963K [0x0000000701800000, 0x0000000800000000)
  region size 2048K, 3 young (6144K), 0 survivors (0K)
 Metaspace       used 104896K, committed 105792K, reserved 1179648K
  class space    used 15099K, committed 15616K, reserved 1048576K
}
Event: 4369.289 GC heap after
{Heap after GC invocations=260 (full 103):
 garbage-first heap   total 524288K, used 121818K [0x0000000701800000, 0x0000000800000000)
  region size 2048K, 0 young (0K), 0 survivors (0K)
 Metaspace       used 104896K, committed 105792K, reserved 1179648K
  class space    used 15099K, committed 15616K, reserved 1048576K
}
Event: 4369.724 GC heap before
{Heap before GC invocations=260 (full 103):
 garbage-first heap   total 524288K, used 127962K [0x0000000701800000, 0x0000000800000000)
  region size 2048K, 2 young (4096K), 0 survivors (0K)
 Metaspace       used 104896K, committed 105792K, reserved 1179648K
  class space    used 15099K, committed 15616K, reserved 1048576K
}
Event: 4369.799 GC heap after
{Heap after GC invocations=261 (full 104):
 garbage-first heap   total 524288K, used 121812K [0x0000000701800000, 0x0000000800000000)
  region size 2048K, 0 young (0K), 0 survivors (0K)
 Metaspace       used 104896K, committed 105792K, reserved 1179648K
  class space    used 15099K, committed 15616K, reserved 1048576K
}
Event: 4370.231 GC heap before
{Heap before GC invocations=261 (full 104):
 garbage-first heap   total 524288K, used 130004K [0x0000000701800000, 0x0000000800000000)
  region size 2048K, 1 young (2048K), 0 survivors (0K)
 Metaspace       used 104896K, committed 105792K, reserved 1179648K
  class space    used 15099K, committed 15616K, reserved 1048576K
}
Event: 4370.301 GC heap after
{Heap after GC invocations=262 (full 105):
 garbage-first heap   total 524288K, used 121808K [0x0000000701800000, 0x0000000800000000)
  region size 2048K, 0 young (0K), 0 survivors (0K)
 Metaspace       used 104896K, committed 105792K, reserved 1179648K
  class space    used 15099K, committed 15616K, reserved 1048576K
}
Event: 4387.564 GC heap before
{Heap before GC invocations=262 (full 105):
 garbage-first heap   total 524288K, used 203728K [0x0000000701800000, 0x0000000800000000)
  region size 2048K, 40 young (81920K), 0 survivors (0K)
 Metaspace       used 104936K, committed 105856K, reserved 1179648K
  class space    used 15099K, committed 15616K, reserved 1048576K
}
Event: 4387.565 GC heap after
{Heap after GC invocations=263 (full 105):
 garbage-first heap   total 524288K, used 122329K [0x0000000701800000, 0x0000000800000000)
  region size 2048K, 1 young (2048K), 1 survivors (2048K)
 Metaspace       used 104936K, committed 105856K, reserved 1179648K
  class space    used 15099K, committed 15616K, reserved 1048576K
}
Event: 4414.600 GC heap before
{Heap before GC invocations=263 (full 105):
 garbage-first heap   total 524288K, used 202201K [0x0000000701800000, 0x0000000800000000)
  region size 2048K, 40 young (81920K), 1 survivors (2048K)
 Metaspace       used 105009K, committed 105856K, reserved 1179648K
  class space    used 15113K, committed 15616K, reserved 1048576K
}
Event: 4414.604 GC heap after
{Heap after GC invocations=264 (full 105):
 garbage-first heap   total 524288K, used 122471K [0x0000000701800000, 0x0000000800000000)
  region size 2048K, 1 young (2048K), 1 survivors (2048K)
 Metaspace       used 105009K, committed 105856K, reserved 1179648K
  class space    used 15113K, committed 15616K, reserved 1048576K
}

