# JRE version: OpenJDK Runtime Environment Temurin-17.0.7+7 (17.0.7+7) (build 17.0.7+7)
# Java VM: OpenJDK 64-Bit Server VM Temurin-17.0.7+7 (17.0.7+7, mixed mode, sharing, tiered, compressed oops, compressed class ptrs, g1 gc, windows-amd64)
GC Precious Log:
 CPUs: 8 total, 8 available
 Memory: 32463M
 Large Page Support: Disabled
 NUMA Support: Disabled
 Compressed Oops: Enabled (Zero based)
 Heap Region Size: 2M
 Heap Min Capacity: 512M
 Heap Initial Capacity: 512M
 Heap Max Capacity: 4072M
 Pre-touch: Disabled
 Parallel Workers: 8
 Concurrent Workers: 2
 Concurrent Refinement Workers: 8
 Periodic GC: Disabled
 String Deduplication is enabled
Heap:
 garbage-first heap   total 524288K, used 138436K [0x0000000701800000, 0x0000000800000000)
  region size 2048K, 14 young (28672K), 3 survivors (6144K)
 Metaspace       used 86505K, committed 87168K, reserved 1179648K
  class space    used 11870K, committed 12224K, reserved 1048576K
GC Heap History (20 events):
Event: 538.199 GC heap before
{Heap before GC invocations=46 (full 9):
 garbage-first heap   total 524288K, used 193595K [0x0000000701800000, 0x0000000800000000)
  region size 2048K, 40 young (81920K), 1 survivors (2048K)
 Metaspace       used 85026K, committed 85696K, reserved 1179648K
  class space    used 11671K, committed 11968K, reserved 1048576K
}
Event: 538.201 GC heap after
{Heap after GC invocations=47 (full 9):
 garbage-first heap   total 524288K, used 113962K [0x0000000701800000, 0x0000000800000000)
  region size 2048K, 1 young (2048K), 1 survivors (2048K)
 Metaspace       used 85026K, committed 85696K, reserved 1179648K
  class space    used 11671K, committed 11968K, reserved 1048576K
}
Event: 551.607 GC heap before
{Heap before GC invocations=47 (full 9):
 garbage-first heap   total 524288K, used 193834K [0x0000000701800000, 0x0000000800000000)
  region size 2048K, 40 young (81920K), 1 survivors (2048K)
 Metaspace       used 85072K, committed 85696K, reserved 1179648K
  class space    used 11671K, committed 11968K, reserved 1048576K
}
Event: 551.609 GC heap after
{Heap after GC invocations=48 (full 9):
 garbage-first heap   total 524288K, used 114103K [0x0000000701800000, 0x0000000800000000)
  region size 2048K, 1 young (2048K), 1 survivors (2048K)
 Metaspace       used 85072K, committed 85696K, reserved 1179648K
  class space    used 11671K, committed 11968K, reserved 1048576K
}
Event: 556.331 GC heap before
{Heap before GC invocations=48 (full 9):
 garbage-first heap   total 524288K, used 193975K [0x0000000701800000, 0x0000000800000000)
  region size 2048K, 40 young (81920K), 1 survivors (2048K)
 Metaspace       used 85089K, committed 85696K, reserved 1179648K
  class space    used 11671K, committed 11968K, reserved 1048576K
}
Event: 556.333 GC heap after
{Heap after GC invocations=49 (full 9):
 garbage-first heap   total 524288K, used 114053K [0x0000000701800000, 0x0000000800000000)
  region size 2048K, 1 young (2048K), 1 survivors (2048K)
 Metaspace       used 85089K, committed 85696K, reserved 1179648K
  class space    used 11671K, committed 11968K, reserved 1048576K
}
Event: 573.923 GC heap before
{Heap before GC invocations=49 (full 9):
 garbage-first heap   total 524288K, used 193925K [0x0000000701800000, 0x0000000800000000)
  region size 2048K, 40 young (81920K), 1 survivors (2048K)
 Metaspace       used 85153K, committed 85760K, reserved 1179648K
  class space    used 11671K, committed 11968K, reserved 1048576K
}
Event: 573.926 GC heap after
{Heap after GC invocations=50 (full 9):
 garbage-first heap   total 524288K, used 114186K [0x0000000701800000, 0x0000000800000000)
  region size 2048K, 1 young (2048K), 1 survivors (2048K)
 Metaspace       used 85153K, committed 85760K, reserved 1179648K
  class space    used 11671K, committed 11968K, reserved 1048576K
}
Event: 596.403 GC heap before
{Heap before GC invocations=50 (full 9):
 garbage-first heap   total 524288K, used 194058K [0x0000000701800000, 0x0000000800000000)
  region size 2048K, 40 young (81920K), 1 survivors (2048K)
 Metaspace       used 85184K, committed 85824K, reserved 1179648K
  class space    used 11671K, committed 11968K, reserved 1048576K
}
Event: 596.406 GC heap after
{Heap after GC invocations=51 (full 9):
 garbage-first heap   total 524288K, used 114232K [0x0000000701800000, 0x0000000800000000)
  region size 2048K, 1 young (2048K), 1 survivors (2048K)
 Metaspace       used 85184K, committed 85824K, reserved 1179648K
  class space    used 11671K, committed 11968K, reserved 1048576K
}
Event: 601.013 GC heap before
{Heap before GC invocations=51 (full 9):
 garbage-first heap   total 524288K, used 194104K [0x0000000701800000, 0x0000000800000000)
  region size 2048K, 40 young (81920K), 1 survivors (2048K)
 Metaspace       used 85327K, committed 85952K, reserved 1179648K
  class space    used 11672K, committed 11968K, reserved 1048576K
}
Event: 601.016 GC heap after
{Heap after GC invocations=52 (full 9):
 garbage-first heap   total 524288K, used 115842K [0x0000000701800000, 0x0000000800000000)
  region size 2048K, 2 young (4096K), 2 survivors (4096K)
 Metaspace       used 85327K, committed 85952K, reserved 1179648K
  class space    used 11672K, committed 11968K, reserved 1048576K
}
Event: 616.267 GC heap before
{Heap before GC invocations=52 (full 9):
 garbage-first heap   total 524288K, used 193666K [0x0000000701800000, 0x0000000800000000)
  region size 2048K, 40 young (81920K), 2 survivors (4096K)
 Metaspace       used 85341K, committed 85952K, reserved 1179648K
  class space    used 11672K, committed 11968K, reserved 1048576K
}
Event: 616.270 GC heap after
{Heap after GC invocations=53 (full 9):
 garbage-first heap   total 524288K, used 115827K [0x0000000701800000, 0x0000000800000000)
  region size 2048K, 2 young (4096K), 2 survivors (4096K)
 Metaspace       used 85341K, committed 85952K, reserved 1179648K
  class space    used 11672K, committed 11968K, reserved 1048576K
}
Event: 621.495 GC heap before
{Heap before GC invocations=53 (full 9):
 garbage-first heap   total 524288K, used 193651K [0x0000000701800000, 0x0000000800000000)
  region size 2048K, 40 young (81920K), 2 survivors (4096K)
 Metaspace       used 85404K, committed 86080K, reserved 1179648K
  class space    used 11679K, committed 12032K, reserved 1048576K
}
Event: 621.498 GC heap after
{Heap after GC invocations=54 (full 9):
 garbage-first heap   total 524288K, used 116030K [0x0000000701800000, 0x0000000800000000)
  region size 2048K, 2 young (4096K), 2 survivors (4096K)
 Metaspace       used 85404K, committed 86080K, reserved 1179648K
  class space    used 11679K, committed 12032K, reserved 1048576K
}
Event: 624.018 GC heap before
{Heap before GC invocations=54 (full 9):
 garbage-first heap   total 524288K, used 193854K [0x0000000701800000, 0x0000000800000000)
  region size 2048K, 40 young (81920K), 2 survivors (4096K)
 Metaspace       used 86420K, committed 87168K, reserved 1179648K
  class space    used 11867K, committed 12224K, reserved 1048576K
}
Event: 624.023 GC heap after
{Heap after GC invocations=55 (full 9):
 garbage-first heap   total 524288K, used 118320K [0x0000000701800000, 0x0000000800000000)
  region size 2048K, 3 young (6144K), 3 survivors (6144K)
 Metaspace       used 86420K, committed 87168K, reserved 1179648K
  class space    used 11867K, committed 12224K, reserved 1048576K
}
Event: 632.269 GC heap before
{Heap before GC invocations=55 (full 9):
 garbage-first heap   total 524288K, used 194096K [0x0000000701800000, 0x0000000800000000)
  region size 2048K, 40 young (81920K), 3 survivors (6144K)
 Metaspace       used 86505K, committed 87168K, reserved 1179648K
  class space    used 11870K, committed 12224K, reserved 1048576K
}
Event: 632.273 GC heap after
{Heap after GC invocations=56 (full 9):
 garbage-first heap   total 524288K, used 117956K [0x0000000701800000, 0x0000000800000000)
  region size 2048K, 3 young (6144K), 3 survivors (6144K)
 Metaspace       used 86505K, committed 87168K, reserved 1179648K
  class space    used 11870K, committed 12224K, reserved 1048576K
}

